[0m[[0m[0mdebug[0m] [0m[0m> Exec(~run, None, None)[0m
[0m[[0m[33mwarn[0m] [0m[0msbt server could not start because there's another instance of sbt running on this build.[0m
[0m[[0m[33mwarn[0m] [0m[0mRunning multiple instances is unsupported[0m
[0m[[0m[0mdebug[0m] [0m[0m> Exec(__runWatch console0, None, None)[0m
[0m[[0m[0mdebug[0m] [0m[0m> Exec(sbtStashOnFailure, None, None)[0m
[0m[[0m[0mdebug[0m] [0m[0m> Exec(__preWatch console0, None, None)[0m
[0m[[0m[0mdebug[0m] [0m[0m> Exec(run, None, None)[0m
[0m[[0m[0mdebug[0m] [0m[0mEvaluating tasks: Compile / run[0m
[0m[[0m[0mdebug[0m] [0m[0mRunning task... Cancel: Signal, check cycles: false, forcegc: true[0m
[0m[[0m[0minfo[0m] [0m[0mcompiling 1 Scala source to /Users/grigorijkosov/IdeaProjects/SbtExampleProject/target/scala-2.13/classes ...[0m
[0m[[0m[31merror[0m] [0m[0m/Users/grigorijkosov/IdeaProjects/SbtExampleProject/src/main/scala/example/Main.scala:1:1: expected class or object definition[0m
[0m[[0m[31merror[0m] [0m[0mdef run() = {[0m
[0m[[0m[31merror[0m] [0m[0m^[0m
[0m[[0m[31merror[0m] [0m[0mone error found[0m
[0m[[0m[31merror[0m] [0m[0m(Compile / [31mcompileIncremental[0m) Compilation failed[0m
[0m[[0m[31merror[0m] [0m[0mTotal time: 1 s, completed Oct 2, 2022 8:56:21 PM[0m
[0m[[0m[0mdebug[0m] [0m[0m> Exec(resumeFromFailure, None, None)[0m
[0m[[0m[0mdebug[0m] [0m[0m> Exec(sbtPopOnFailure, None, None)[0m
[0m[[0m[0mdebug[0m] [0m[0m> Exec(__postWatch console0, None, None)[0m
[0m[[0m[0mdebug[0m] [0m[0m> Exec(__waitWatch console0, None, None)[0m
