[debug] > Exec(early(addDefaultCommands), None, None)
[debug] > Exec(addDefaultCommands, None, None)
[debug] > Exec(early(initialize), None, None)
[debug] > Exec(initialize, None, None)
[debug] > Exec(early(addPluginSbtFile="""C:\Users\sasha\AppData\Local\Temp\idea2752.sbt"""), None, None)
[debug] > Exec(addPluginSbtFile="""C:\Users\sasha\AppData\Local\Temp\idea2752.sbt""", None, None)
[debug] > Exec(boot, None, None)
[debug] > Exec(writeSbtVersion, None, None)
[debug] > Exec(reload, None, None)
[debug] > Exec(sbtStashOnFailure, None, None)
[debug] > Exec(onFailure loadFailed, None, None)
[debug] > Exec(loadp, None, None)
[info] welcome to sbt 1.7.1 (Amazon.com Inc. Java 1.8.0_342)
[debug]       Load.loadUnit: plugins took 188.1644ms
[debug]       Load.loadUnit: defsScala took 0.4563ms
[debug] [Loading] Scanning directory C:\Users\sasha\.sbt\1.0\plugins
[debug] [Loading] Found non-root projects 
[debug] [Loading] Done in C:\Users\sasha\.sbt\1.0\plugins, returning: ()
[debug] deducing auto plugins based on known facts Set(Atom(sbt.plugins.CorePlugin)) and clauses Clauses(Clause(Atom(sbt.plugins.JvmPlugin),Set(Atom(sbt.plugins.IvyPlugin)))
[debug] Clause(Atom(sbt.ScriptedPlugin),Set(Atom(sbt.plugins.JvmPlugin)))
[debug] Clause(Atom(sbt.plugins.SbtPlugin),Set(Atom(sbt.ScriptedPlugin)))
[debug] Clause(Atom(sbt.plugins.SemanticdbPlugin),Set(Atom(sbt.plugins.JvmPlugin)))
[debug] Clause(Atom(sbt.plugins.JUnitXmlReportPlugin),Set(Atom(sbt.plugins.JvmPlugin)))
[debug] Clause(Atom(sbt.plugins.MiniDependencyTreePlugin),Set(Atom(sbt.plugins.JvmPlugin)))
[debug] Clause(Atom(sbt.plugins.CorePlugin),Set(Atom(sbt.plugins.IvyPlugin)))
[debug] Clause(Atom(sbt.plugins.IvyPlugin),Set(Atom(sbt.plugins.JvmPlugin)))
[debug] Clause(Atom(sbt.plugins.JvmPlugin),Set(Atom(sbt.plugins.SemanticdbPlugin)))
[debug] Clause(Atom(sbt.plugins.JvmPlugin),Set(Atom(sbt.plugins.JUnitXmlReportPlugin)))
[debug] Clause(Atom(sbt.plugins.CorePlugin),Set(Atom(sbt.plugins.Giter8TemplatePlugin)))
[debug] Clause(Atom(sbt.plugins.JvmPlugin),Set(Atom(sbt.plugins.MiniDependencyTreePlugin))))
[debug]   :: deduced result: Matched(sbt.plugins.CorePlugin,sbt.plugins.Giter8TemplatePlugin,sbt.plugins.IvyPlugin,sbt.plugins.JvmPlugin,sbt.plugins.MiniDependencyTreePlugin,sbt.plugins.JUnitXmlReportPlugin,sbt.plugins.SemanticdbPlugin)
[debug] Plugins.deducer#function took 13.5893 ms
[debug]           Load.resolveProject(global-plugins) took 39.0779ms
[debug]         Load.loadTransitive: finalizeProject(Project(id global-plugins, base: C:\Users\sasha\.sbt\1.0\plugins, plugins: List(<none>))) took 74.6574ms
[debug] [Loading] Done in C:\Users\sasha\.sbt\1.0\plugins, returning: (global-plugins)
[debug]       Load.loadUnit: loadedProjectsRaw took 96.4542ms
[debug]       Load.loadUnit: cleanEvalClasses took 0.2244ms
[debug]     Load.loadUnit(file:/C:/Users/sasha/.sbt/1.0/plugins/, ...) took 294.8984ms
[debug]   Load.apply: load took 439.6928ms
[debug]   Load.apply: resolveProjects took 5.7778ms
[debug]   Load.apply: finalTransforms took 51.8315ms
[debug]   Load.apply: config.delegates took 7.2612ms
[debug]   Load.apply: Def.make(settings)... took 352.5162ms
[debug]   Load.apply: structureIndex took 193.6646ms
[debug]   Load.apply: mkStreams took 1.5097ms
[info] loading global plugins from C:\Users\sasha\.sbt\1.0\plugins
[debug] Running task... Cancel: Signal, check cycles: false, forcegc: true
[debug] Load.defaultLoad until apply took 2256.2918ms
[debug]           Load.loadUnit: plugins took 26.1819ms
[debug]           Load.loadUnit: defsScala took 0.0028ms
[debug] [Loading] Scanning directory C:\Users\sasha\IdeaProjects\SbtExampleProject\project
[debug]             Load.loadUnit: mkEval took 6.1886ms
[debug] [Loading] Found non-root projects 
[debug] [Loading] Done in C:\Users\sasha\IdeaProjects\SbtExampleProject\project, returning: ()
[debug] deducing auto plugins based on known facts Set(Atom(sbt.plugins.CorePlugin)) and clauses Clauses(Clause(Atom(sbt.plugins.JvmPlugin),Set(Atom(sbt.plugins.IvyPlugin)))
[debug] Clause(Atom(sbt.ScriptedPlugin),Set(Atom(sbt.plugins.JvmPlugin)))
[debug] Clause(Atom(sbt.plugins.SbtPlugin),Set(Atom(sbt.ScriptedPlugin)))
[debug] Clause(Atom(sbt.plugins.SemanticdbPlugin),Set(Atom(sbt.plugins.JvmPlugin)))
[debug] Clause(Atom(sbt.plugins.JUnitXmlReportPlugin),Set(Atom(sbt.plugins.JvmPlugin)))
[debug] Clause(Atom(sbt.plugins.MiniDependencyTreePlugin),Set(Atom(sbt.plugins.JvmPlugin)))
[debug] Clause(Atom(sbt.plugins.CorePlugin),Set(Atom(sbt.plugins.IvyPlugin)))
[debug] Clause(Atom(sbt.plugins.IvyPlugin),Set(Atom(sbt.plugins.JvmPlugin)))
[debug] Clause(Atom(sbt.plugins.JvmPlugin),Set(Atom(sbt.plugins.SemanticdbPlugin)))
[debug] Clause(Atom(sbt.plugins.JvmPlugin),Set(Atom(sbt.plugins.JUnitXmlReportPlugin)))
[debug] Clause(Atom(sbt.plugins.CorePlugin),Set(Atom(sbt.plugins.Giter8TemplatePlugin)))
[debug] Clause(Atom(sbt.plugins.JvmPlugin),Set(Atom(sbt.plugins.MiniDependencyTreePlugin))))
[debug]   :: deduced result: Matched(sbt.plugins.CorePlugin,sbt.plugins.Giter8TemplatePlugin,sbt.plugins.IvyPlugin,sbt.plugins.JvmPlugin,sbt.plugins.MiniDependencyTreePlugin,sbt.plugins.JUnitXmlReportPlugin,sbt.plugins.SemanticdbPlugin)
[debug] Plugins.deducer#function took 1.5975 ms
[info] loading settings for project sbtexampleproject-build from idea2752.sbt ...
[debug]               Load.resolveProject(sbtexampleproject-build) took 3.0766ms
[debug]             Load.loadTransitive: finalizeProject(Project(id sbtexampleproject-build, base: C:\Users\sasha\IdeaProjects\SbtExampleProject\project, plugins: List(<none>))) took 5.3063ms
[debug] [Loading] Done in C:\Users\sasha\IdeaProjects\SbtExampleProject\project, returning: (sbtexampleproject-build)
[debug]           Load.loadUnit: loadedProjectsRaw took 151.0854ms
[debug]           Load.loadUnit: cleanEvalClasses took 4.6532ms
[debug]         Load.loadUnit(file:/C:/Users/sasha/IdeaProjects/SbtExampleProject/project/, ...) took 182.9923ms
[debug]       Load.apply: load took 184.4944ms
[debug]       Load.apply: resolveProjects took 0.1015ms
[debug]       Load.apply: finalTransforms took 9.3417ms
[debug]       Load.apply: config.delegates took 0.4459ms
[debug]       Load.apply: Def.make(settings)... took 91.2961ms
[debug]       Load.apply: structureIndex took 28.9754ms
[debug]       Load.apply: mkStreams took 0.0025ms
[info] loading project definition from C:\Users\sasha\IdeaProjects\SbtExampleProject\project
[debug] Running task... Cancel: Signal, check cycles: false, forcegc: true
[debug]     Load.loadUnit: plugins took 653.203ms
[debug]     Load.loadUnit: defsScala took 0.0024ms
[debug] [Loading] Scanning directory C:\Users\sasha\IdeaProjects\SbtExampleProject
[debug]       Load.loadUnit: mkEval took 0.202ms
[debug] [Loading] Found root project root w/ remaining 
[debug] deducing auto plugins based on known facts Set(Atom(sbt.plugins.CorePlugin)) and clauses Clauses(Clause(Atom(sbt.plugins.JvmPlugin),Set(Atom(sbt.plugins.IvyPlugin)))
[debug] Clause(Atom(sbt.ScriptedPlugin),Set(Atom(sbt.plugins.JvmPlugin)))
[debug] Clause(Atom(sbt.plugins.SbtPlugin),Set(Atom(sbt.ScriptedPlugin)))
[debug] Clause(Atom(sbt.plugins.SemanticdbPlugin),Set(Atom(sbt.plugins.JvmPlugin)))
[debug] Clause(Atom(sbt.plugins.JUnitXmlReportPlugin),Set(Atom(sbt.plugins.JvmPlugin)))
[debug] Clause(Atom(sbt.plugins.MiniDependencyTreePlugin),Set(Atom(sbt.plugins.JvmPlugin)))
[debug] Clause(Atom(org.jetbrains.sbt.StructurePlugin),Set(Atom(sbt.plugins.JvmPlugin)))
[debug] Clause(Atom(org.jetbrains.sbt.IdeaShellPlugin),Set(Atom(sbt.plugins.JvmPlugin)))
[debug] Clause(Atom(org.jetbrains.sbt.indices.SbtIntellijIndicesPlugin),Set(Atom(sbt.plugins.JvmPlugin)))
[debug] Clause(Atom(sbt.plugins.CorePlugin),Set(Atom(sbt.plugins.IvyPlugin)))
[debug] Clause(Atom(sbt.plugins.IvyPlugin),Set(Atom(sbt.plugins.JvmPlugin)))
[debug] Clause(Atom(sbt.plugins.JvmPlugin),Set(Atom(sbt.plugins.SemanticdbPlugin)))
[debug] Clause(Atom(sbt.plugins.JvmPlugin),Set(Atom(sbt.plugins.JUnitXmlReportPlugin)))
[debug] Clause(Atom(sbt.plugins.CorePlugin),Set(Atom(sbt.plugins.Giter8TemplatePlugin)))
[debug] Clause(Atom(sbt.plugins.JvmPlugin),Set(Atom(sbt.plugins.MiniDependencyTreePlugin)))
[debug] Clause(Atom(sbt.plugins.JvmPlugin),Set(Atom(org.jetbrains.sbt.StructurePlugin)))
[debug] Clause(Atom(sbt.plugins.JvmPlugin),Set(Atom(org.jetbrains.sbt.IdeaShellPlugin)))
[debug] Clause(And(Set(Atom(sbt.plugins.CorePlugin), Atom(sbt.plugins.JvmPlugin))),Set(Atom(org.jetbrains.sbt.indices.SbtIntellijIndicesPlugin))))
[debug]   :: deduced result: Matched(sbt.plugins.CorePlugin,sbt.plugins.Giter8TemplatePlugin,sbt.plugins.IvyPlugin,sbt.plugins.JvmPlugin,sbt.plugins.SemanticdbPlugin,org.jetbrains.sbt.indices.SbtIntellijIndicesPlugin,sbt.plugins.JUnitXmlReportPlugin,org.jetbrains.sbt.IdeaShellPlugin,org.jetbrains.sbt.StructurePlugin,sbt.plugins.MiniDependencyTreePlugin)
[debug] Plugins.deducer#function took 2.1017 ms
[info] loading settings for project root from build.sbt ...
[debug]         Load.resolveProject(root) took 22.991ms
[debug]       Load.loadTransitive: finalizeProject(Project(id root, base: C:\Users\sasha\IdeaProjects\SbtExampleProject, plugins: List(<none>))) took 27.1157ms
[debug] [Loading] Done in C:\Users\sasha\IdeaProjects\SbtExampleProject, returning: (root)
[debug]     Load.loadUnit: loadedProjectsRaw took 76.9681ms
[debug]     Load.loadUnit: cleanEvalClasses took 7.034ms
[debug]   Load.loadUnit(file:/C:/Users/sasha/IdeaProjects/SbtExampleProject/, ...) took 737.7694ms
[debug] Load.apply: load took 739.0192ms
[debug] Load.apply: resolveProjects took 0.1143ms
[debug] Load.apply: finalTransforms took 26.8005ms
[debug] Load.apply: config.delegates took 0.3861ms
[debug] Load.apply: Def.make(settings)... took 67.7012ms
[debug] Load.apply: structureIndex took 20.9692ms
[debug] Load.apply: mkStreams took 0.002ms
[info] set current project to SbtExampleProject (in build file:/C:/Users/sasha/IdeaProjects/SbtExampleProject/)
[debug] > Exec(sbtPopOnFailure, None, None)
[debug] > Exec(resumeFromFailure, None, None)
[debug] > Exec(notifyUsersAboutShell, None, None)
[debug] > Exec(iflast shell, None, None)
[debug] > Exec(; set ideaPort in Global := 57453 ; idea-shell, None, None)
[debug] > Exec(set ideaPort in Global := 57453, None, None)
[info] Defining Global / ideaPort
[info] The new value will be used by Compile / compile, Test / compile
[debug] Defining 
[debug] 	Global / ideaPort
[debug] 
[debug] The new value will be used by 
[debug] 	Compile / compile
[debug] 	Test / compile
[info] Reapplying settings...
[info] set current project to SbtExampleProject (in build file:/C:/Users/sasha/IdeaProjects/SbtExampleProject/)
[debug] > Exec(idea-shell, None, None)
