[debug] > Exec(~run, None, None)
[info] sbt server started at local:sbt-server-782dc93000dc8da1e2a9
[debug] Writing bsp connection file
[info] started sbt server
[debug] > Exec(__runWatch console0, None, None)
[debug] > Exec(sbtStashOnFailure, None, None)
[debug] > Exec(__preWatch console0, None, None)
[debug] > Exec(run, None, None)
[debug] Evaluating tasks: Compile / run
[debug] Running task... Cancel: Signal, check cycles: false, forcegc: true
[info] compiling 2 Scala sources to C:\Users\Anzhelika\IdeaProjects\SbtExampleProject\target\scala-2.12\classes ...
[error] C:\Users\Anzhelika\IdeaProjects\SbtExampleProject\src\main\scala\example\Main.scala:5:6: not found: type main
[error]     @main def run() = {
[error]      ^
[error] one error found
[error] (Compile / compileIncremental) Compilation failed
[error] Total time: 2 s, completed 01.10.2022 16:22:49
[debug] > Exec(resumeFromFailure, None, None)
[debug] > Exec(sbtPopOnFailure, None, None)
[debug] > Exec(__postWatch console0, None, None)
[debug] > Exec(__waitWatch console0, None, None)
